Logfile initialized
[INFO] logfile = /Users/xavier/Documents/workspace/GouvCamp 2012/build.log
[DEBUG] /Library/Application Support/Titanium/mobilesdk/osx/1.8.2/android/builder.py install GouvCamp /Users/xavier/android-sdk-mac_x86 /Users/xavier/Documents/workspace/GouvCamp 2012 com.jolicode.gouvcamp2012 20
[INFO] Titanium SDK version: 1.8.2 (02/23/12 17:46 59b3a90)
[DEBUG] Waiting for device to be ready ...
[TRACE] adb devices returned 1 devices/emulators
[DEBUG] Device connected... (waited 0 seconds)
[DEBUG] waited 0.013862 seconds on emulator to get ready
[DEBUG] com.jolicode.gouvcamp2012 installed? False
[INFO] Copying project resources..
[TRACE] COPYING MODIFIED FILE: /Users/xavier/Documents/workspace/GouvCamp 2012/Resources/app.js => /Users/xavier/Documents/workspace/GouvCamp 2012/build/android/bin/assets/Resources/app.js
[TRACE] Generating Java Classes
[DEBUG] Processing Android resource drawables
[DEBUG] copying app icon: /Users/xavier/Documents/workspace/GouvCamp 2012/build/android/bin/assets/Resources/appicon.png
[DEBUG] generating theme.xml
[DEBUG] found drawable-long-land-hdpi splash screen at /Users/xavier/Documents/workspace/GouvCamp 2012/Resources/android/images/res-long-land-hdpi/default.png
[DEBUG] copying /Users/xavier/Documents/workspace/GouvCamp 2012/Resources/android/images/res-long-land-hdpi/default.png splash screen to /Users/xavier/Documents/workspace/GouvCamp 2012/build/android/res/drawable-long-land-hdpi/background.png
[DEBUG] found drawable-long-land-ldpi splash screen at /Users/xavier/Documents/workspace/GouvCamp 2012/Resources/android/images/res-long-land-ldpi/default.png
[DEBUG] copying /Users/xavier/Documents/workspace/GouvCamp 2012/Resources/android/images/res-long-land-ldpi/default.png splash screen to /Users/xavier/Documents/workspace/GouvCamp 2012/build/android/res/drawable-long-land-ldpi/background.png
[DEBUG] found drawable-long-port-hdpi splash screen at /Users/xavier/Documents/workspace/GouvCamp 2012/Resources/android/images/res-long-port-hdpi/default.png
[DEBUG] copying /Users/xavier/Documents/workspace/GouvCamp 2012/Resources/android/images/res-long-port-hdpi/default.png splash screen to /Users/xavier/Documents/workspace/GouvCamp 2012/build/android/res/drawable-long-port-hdpi/background.png
[DEBUG] found drawable-long-port-ldpi splash screen at /Users/xavier/Documents/workspace/GouvCamp 2012/Resources/android/images/res-long-port-ldpi/default.png
[DEBUG] copying /Users/xavier/Documents/workspace/GouvCamp 2012/Resources/android/images/res-long-port-ldpi/default.png splash screen to /Users/xavier/Documents/workspace/GouvCamp 2012/build/android/res/drawable-long-port-ldpi/background.png
[DEBUG] found drawable-notlong-land-hdpi splash screen at /Users/xavier/Documents/workspace/GouvCamp 2012/Resources/android/images/res-notlong-land-hdpi/default.png
[DEBUG] copying /Users/xavier/Documents/workspace/GouvCamp 2012/Resources/android/images/res-notlong-land-hdpi/default.png splash screen to /Users/xavier/Documents/workspace/GouvCamp 2012/build/android/res/drawable-notlong-land-hdpi/background.png
[DEBUG] found drawable-notlong-land-ldpi splash screen at /Users/xavier/Documents/workspace/GouvCamp 2012/Resources/android/images/res-notlong-land-ldpi/default.png
[DEBUG] copying /Users/xavier/Documents/workspace/GouvCamp 2012/Resources/android/images/res-notlong-land-ldpi/default.png splash screen to /Users/xavier/Documents/workspace/GouvCamp 2012/build/android/res/drawable-notlong-land-ldpi/background.png
[DEBUG] found drawable-notlong-land-mdpi splash screen at /Users/xavier/Documents/workspace/GouvCamp 2012/Resources/android/images/res-notlong-land-mdpi/default.png
[DEBUG] copying /Users/xavier/Documents/workspace/GouvCamp 2012/Resources/android/images/res-notlong-land-mdpi/default.png splash screen to /Users/xavier/Documents/workspace/GouvCamp 2012/build/android/res/drawable-notlong-land-mdpi/background.png
[DEBUG] found drawable-notlong-port-hdpi splash screen at /Users/xavier/Documents/workspace/GouvCamp 2012/Resources/android/images/res-notlong-port-hdpi/default.png
[DEBUG] copying /Users/xavier/Documents/workspace/GouvCamp 2012/Resources/android/images/res-notlong-port-hdpi/default.png splash screen to /Users/xavier/Documents/workspace/GouvCamp 2012/build/android/res/drawable-notlong-port-hdpi/background.png
[DEBUG] found drawable-notlong-port-ldpi splash screen at /Users/xavier/Documents/workspace/GouvCamp 2012/Resources/android/images/res-notlong-port-ldpi/default.png
[DEBUG] copying /Users/xavier/Documents/workspace/GouvCamp 2012/Resources/android/images/res-notlong-port-ldpi/default.png splash screen to /Users/xavier/Documents/workspace/GouvCamp 2012/build/android/res/drawable-notlong-port-ldpi/background.png
[DEBUG] found drawable-notlong-port-mdpi splash screen at /Users/xavier/Documents/workspace/GouvCamp 2012/Resources/android/images/res-notlong-port-mdpi/default.png
[DEBUG] copying /Users/xavier/Documents/workspace/GouvCamp 2012/Resources/android/images/res-notlong-port-mdpi/default.png splash screen to /Users/xavier/Documents/workspace/GouvCamp 2012/build/android/res/drawable-notlong-port-mdpi/background.png
[DEBUG] copying default splash screen
[TRACE] Writing out AndroidManifest.xml
[DEBUG] adding /Users/xavier/Documents/workspace/GouvCamp 2012/build/android/gen/com/jolicode/gouvcamp2012/GouvcampActivity.java to javac build list
[DEBUG] adding /Users/xavier/Documents/workspace/GouvCamp 2012/build/android/gen/com/jolicode/gouvcamp2012/GouvcampAppInfo.java to javac build list
[DEBUG] adding /Users/xavier/Documents/workspace/GouvCamp 2012/build/android/gen/com/jolicode/gouvcamp2012/GouvcampApplication.java to javac build list
[DEBUG] adding /Users/xavier/Documents/workspace/GouvCamp 2012/build/android/gen/com/jolicode/gouvcamp2012/R.java to javac build list
[DEBUG] Building Java Sources: "/Users/xavier/Documents/workspace/GouvCamp 2012/build/android/gen/com/jolicode/gouvcamp2012/GouvcampActivity.java" "/Users/xavier/Documents/workspace/GouvCamp 2012/build/android/gen/com/jolicode/gouvcamp2012/GouvcampAppInfo.java" "/Users/xavier/Documents/workspace/GouvCamp 2012/build/android/gen/com/jolicode/gouvcamp2012/GouvcampApplication.java" "/Users/xavier/Documents/workspace/GouvCamp 2012/build/android/gen/com/jolicode/gouvcamp2012/R.java"
[INFO] Compiling Android Resources... This could take some time
[DEBUG] Android classes.dex built
[DEBUG] creating unsigned apk: /Users/xavier/Documents/workspace/GouvCamp 2012/build/android/bin/app-unsigned.apk
[DEBUG] from resource zip => assets/Resources/images/icons/about.png
[DEBUG] from resource zip => assets/Resources/images/icons/about_dark.png
[DEBUG] from resource zip => assets/Resources/images/icons/attendees.png
[DEBUG] from resource zip => assets/Resources/images/icons/attendees_dark.png
[DEBUG] from resource zip => assets/Resources/images/icons/map.png
[DEBUG] from resource zip => assets/Resources/images/icons/map_dark.png
[DEBUG] from resource zip => assets/Resources/images/icons/news.png
[DEBUG] from resource zip => assets/Resources/images/icons/news_dark.png
[DEBUG] from resource zip => assets/Resources/images/icons/schedule.png
[DEBUG] from resource zip => assets/Resources/images/icons/schedule_dark.png
[DEBUG] from resource zip => assets/Resources/images/appicon.png
[DEBUG] from resource zip => assets/Resources/images/appicon@2x.png
[DEBUG] from resource zip => assets/Resources/images/bg.png
[DEBUG] from resource zip => assets/Resources/images/logo-gouvcamp.png
[DEBUG] from resource zip => assets/Resources/images/logo-opengovfrance.png
[DEBUG] from resource zip => assets/Resources/images/map-pin.png
[DEBUG] from resource zip => assets/Resources/images/sessionbckgd@2x.png
[DEBUG] from resource zip => assets/Resources/images/timebreak_gray@2x.png
[DEBUG] from resource zip => assets/Resources/images/whiteArrow.png
[DEBUG] from resource zip => assets/Resources/lib/controller/AttendeesController.js
[DEBUG] from resource zip => assets/Resources/lib/controller/HomeController.js
[DEBUG] from resource zip => assets/Resources/lib/controller/NewsController.js
[DEBUG] from resource zip => assets/Resources/lib/controller/ScheduleController.js
[DEBUG] from resource zip => assets/Resources/lib/controller/SpeakersController.js
[DEBUG] from resource zip => assets/Resources/lib/model/Model.js
[DEBUG] from resource zip => assets/Resources/lib/vendor/joli.api.js/joli.api.js
[DEBUG] from resource zip => assets/Resources/lib/vendor/joli.js/LICENSE
[DEBUG] from resource zip => assets/Resources/lib/vendor/joli.js/README.markdown
[DEBUG] from resource zip => assets/Resources/lib/vendor/joli.js/joli.js
[DEBUG] from resource zip => assets/Resources/lib/Helper.js
[DEBUG] from resource zip => assets/Resources/lib/PullToRefresh.js
[DEBUG] from resource zip => assets/Resources/lib/initialize.js
[DEBUG] from resource zip => assets/Resources/ui/about/AboutView.js
[DEBUG] from resource zip => assets/Resources/ui/attendees/AttendeesList.js
[DEBUG] from resource zip => assets/Resources/ui/attendees/AttendeesView.js
[DEBUG] from resource zip => assets/Resources/ui/home/HomeIcon.js
[DEBUG] from resource zip => assets/Resources/ui/home/HomeView.js
[DEBUG] from resource zip => assets/Resources/ui/news/NewsList.js
[DEBUG] from resource zip => assets/Resources/ui/row/Attendee.js
[DEBUG] from resource zip => assets/Resources/ui/row/Body.js
[DEBUG] from resource zip => assets/Resources/ui/row/Conference.js
[DEBUG] from resource zip => assets/Resources/ui/row/Header.js
[DEBUG] from resource zip => assets/Resources/ui/row/Speaker.js
[DEBUG] from resource zip => assets/Resources/ui/schedule/ScheduleList.js
[DEBUG] from resource zip => assets/Resources/ui/schedule/ScheduleView.js
[DEBUG] from resource zip => assets/Resources/ui/schedule/SessionDetail.js
[DEBUG] from resource zip => assets/Resources/ui/speakers/SpeakerDetail.js
[DEBUG] from resource zip => assets/Resources/ui/speakers/SpeakersList.js
[DEBUG] from resource zip => assets/Resources/ui/speakers/SpeakersView.js
[DEBUG] from resource zip => assets/Resources/ui/AboutWindow.js
[DEBUG] from resource zip => assets/Resources/ui/AttendeesWindow.js
[DEBUG] from resource zip => assets/Resources/ui/HomeWindow.js
[DEBUG] from resource zip => assets/Resources/ui/MapWindow.js
[DEBUG] from resource zip => assets/Resources/ui/NewsWindow.js
[DEBUG] from resource zip => assets/Resources/ui/ScheduleWindow.js
[DEBUG] from resource zip => assets/Resources/ui/SessionWindow.js
[DEBUG] from resource zip => assets/Resources/ui/SpeakerWindow.js
[DEBUG] from resource zip => assets/Resources/ui/SpeakersWindow.js
[DEBUG] from resource zip => assets/Resources/ui/TabGroup.js
[DEBUG] from resource zip => assets/Resources/app.js
[DEBUG] from resource zip => assets/Resources/appicon.png
[DEBUG] from resource zip => assets/Resources/appicon@2x.png
[DEBUG] from resource zip => assets/app.json
[DEBUG] from resource zip => assets/index.json
[DEBUG] from resource zip => assets/tiapp.xml
[DEBUG] from resource zip => res/drawable/appicon.png
[DEBUG] from resource zip => res/drawable/background.png
[DEBUG] from resource zip => res/layout/titanium_tabgroup.xml
[DEBUG] from resource zip => AndroidManifest.xml
[DEBUG] from resource zip => resources.arsc
[DEBUG] from resource zip => res/drawable-long-land-hdpi/background.png
[DEBUG] from resource zip => res/drawable-long-land-ldpi/background.png
[DEBUG] from resource zip => res/drawable-long-port-hdpi/background.png
[DEBUG] from resource zip => res/drawable-long-port-ldpi/background.png
[DEBUG] from resource zip => res/drawable-notlong-land-hdpi/background.png
[DEBUG] from resource zip => res/drawable-notlong-land-ldpi/background.png
[DEBUG] from resource zip => res/drawable-notlong-land-mdpi/background.png
[DEBUG] from resource zip => res/drawable-notlong-port-hdpi/background.png
[DEBUG] from resource zip => res/drawable-notlong-port-ldpi/background.png
[DEBUG] from resource zip => res/drawable-notlong-port-mdpi/background.png
[DEBUG] from JAR /Library/Application Support/Titanium/mobilesdk/osx/1.8.2/android/modules/titanium-ui.jar => ti/modules/titanium/ui/widget/webview/binding.js
[DEBUG] from JAR /Library/Application Support/Titanium/mobilesdk/osx/1.8.2/android/modules/titanium-ui.jar => ti/modules/titanium/ui/widget/webview/binding.min.js
[DEBUG] from JAR /Library/Application Support/Titanium/mobilesdk/osx/1.8.2/android/modules/titanium-ui.jar => ti/modules/titanium/ui/widget/webview/json2.js
[DEBUG] from JAR /Library/Application Support/Titanium/mobilesdk/osx/1.8.2/android/thirdparty.jar => org/apache/Commons-NOTICE.txt
[DEBUG] from JAR /Library/Application Support/Titanium/mobilesdk/osx/1.8.2/android/thirdparty.jar => org/apache/HttpComponents-NOTICE.txt
[DEBUG] from JAR /Library/Application Support/Titanium/mobilesdk/osx/1.8.2/android/thirdparty.jar => org/apache/mime4j-NOTICE.txt
[DEBUG] from JAR /Library/Application Support/Titanium/mobilesdk/osx/1.8.2/android/titanium.jar => org/appcelerator/titanium/build.properties
[DEBUG] from JAR /Library/Application Support/Titanium/mobilesdk/osx/1.8.2/android/titanium.jar => org/appcelerator/titanium/res/drawable/background.png
[DEBUG] from JAR /Library/Application Support/Titanium/mobilesdk/osx/1.8.2/android/titanium.jar => org/appcelerator/titanium/res/drawable/btn_check_buttonless_on.png
[DEBUG] from JAR /Library/Application Support/Titanium/mobilesdk/osx/1.8.2/android/titanium.jar => org/appcelerator/titanium/res/drawable/btn_check_buttonless_on_18.png
[DEBUG] from JAR /Library/Application Support/Titanium/mobilesdk/osx/1.8.2/android/titanium.jar => org/appcelerator/titanium/res/drawable/btn_check_buttonless_on_48.png
[DEBUG] from JAR /Library/Application Support/Titanium/mobilesdk/osx/1.8.2/android/titanium.jar => org/appcelerator/titanium/res/drawable/btn_more.png
[DEBUG] from JAR /Library/Application Support/Titanium/mobilesdk/osx/1.8.2/android/titanium.jar => org/appcelerator/titanium/res/drawable/btn_more_18.png
[DEBUG] from JAR /Library/Application Support/Titanium/mobilesdk/osx/1.8.2/android/titanium.jar => org/appcelerator/titanium/res/drawable/btn_more_48.png
[DEBUG] from JAR /Library/Application Support/Titanium/mobilesdk/osx/1.8.2/android/titanium.jar => org/appcelerator/titanium/res/drawable/btn_picker_normal.9.png
[DEBUG] from JAR /Library/Application Support/Titanium/mobilesdk/osx/1.8.2/android/titanium.jar => org/appcelerator/titanium/res/drawable/btn_picker_pressed.9.png
[DEBUG] from JAR /Library/Application Support/Titanium/mobilesdk/osx/1.8.2/android/titanium.jar => org/appcelerator/titanium/res/drawable/btn_picker_selected.9.png
[DEBUG] from JAR /Library/Application Support/Titanium/mobilesdk/osx/1.8.2/android/titanium.jar => org/appcelerator/titanium/res/drawable/default_icon.png
[DEBUG] from JAR /Library/Application Support/Titanium/mobilesdk/osx/1.8.2/android/titanium.jar => org/appcelerator/titanium/res/drawable/photoDefault.png
[DEBUG] installing native SDK libs
[DEBUG] Waiting for device to be ready ...
[TRACE] adb devices returned 1 devices/emulators
[DEBUG] Device connected... (waited 0 seconds)
[DEBUG] waited 0.009492 seconds on emulator to get ready
[INFO] Installing application on device
[INFO] Application installed. Launch from drawer on Home Screen
